<?xml version="1.0" encoding="UTF-8"?>
<!-- Generated by org.testng.reporters.JUnitXMLReporter -->
<testsuite hostname="DESKTOP-5GI3OCP" ignored="0" name="my crm test chrome" tests="4" failures="0" timestamp="01 Feb 2022 05:53:41 GMT" time="17.181" errors="0">
  <testcase name="getLoginPageTitleTest" time="0.076" classname="com.crm.tests.LoginPageTest"/>
  <testcase name="verifyHomePageLogoTest" time="3.913" classname="com.crm.tests.HomePageTest"/>
  <testcase name="doLoginTest" time="3.701" classname="com.crm.tests.LoginPageTest"/>
  <testcase name="HomeLinkPresentTest" time="4.484" classname="com.crm.tests.HomePageTest"/>
</testsuite> <!-- my crm test chrome -->
