<?xml version="1.0" encoding="UTF-8"?>
<!-- Generated by org.testng.reporters.JUnitXMLReporter -->
<testsuite hostname="DESKTOP-5GI3OCP" ignored="0" name="my crm test chrome" tests="4" failures="0" timestamp="01 Feb 2022 20:05:32 GMT" time="11.663" errors="0">
  <testcase name="getLoginPageTitleTest" time="0.018" classname="com.crm.tests.LoginPageTest"/>
  <testcase name="verifyHomePageLogoTest" time="2.579" classname="com.crm.tests.HomePageTest"/>
  <testcase name="doLoginTest" time="2.569" classname="com.crm.tests.LoginPageTest"/>
  <testcase name="HomeLinkPresentTest" time="2.652" classname="com.crm.tests.HomePageTest"/>
</testsuite> <!-- my crm test chrome -->
