<?xml version="1.0" encoding="UTF-8"?>
<testng-results skipped="0" failed="0" ignored="0" total="4" passed="4">
  <reporter-output>
  </reporter-output>
  <suite name="Test Suite" duration-ms="17181" started-at="2022-02-01T05:53:24Z" finished-at="2022-02-01T05:53:41Z">
    <groups>
    </groups>
    <test name="my crm test chrome" duration-ms="17181" started-at="2022-02-01T05:53:24Z" finished-at="2022-02-01T05:53:41Z">
      <class name="com.crm.tests.HomePageTest">
        <test-method status="PASS" signature="setUp(java.lang.String)[pri:0, instance:com.crm.tests.HomePageTest@402a079c]" name="setUp" is-config="true" duration-ms="4062" started-at="2022-02-01T05:53:24Z" finished-at="2022-02-01T05:53:28Z">
          <params>
            <param index="0">
              <value>
                <![CDATA[chrome]]>
              </value>
            </param>
          </params>
          <reporter-output>
          </reporter-output>
        </test-method> <!-- setUp -->
        <test-method status="PASS" signature="verifyHomePageLogoTest()[pri:1, instance:com.crm.tests.HomePageTest@402a079c]" name="verifyHomePageLogoTest" duration-ms="3913" started-at="2022-02-01T05:53:28Z" finished-at="2022-02-01T05:53:32Z">
          <reporter-output>
          </reporter-output>
        </test-method> <!-- verifyHomePageLogoTest -->
        <test-method status="PASS" signature="tearDown()[pri:0, instance:com.crm.tests.HomePageTest@402a079c]" name="tearDown" is-config="true" duration-ms="752" started-at="2022-02-01T05:53:32Z" finished-at="2022-02-01T05:53:33Z">
          <reporter-output>
          </reporter-output>
        </test-method> <!-- tearDown -->
        <test-method status="PASS" signature="setUp(java.lang.String)[pri:0, instance:com.crm.tests.HomePageTest@402a079c]" name="setUp" is-config="true" duration-ms="3155" started-at="2022-02-01T05:53:33Z" finished-at="2022-02-01T05:53:36Z">
          <params>
            <param index="0">
              <value>
                <![CDATA[chrome]]>
              </value>
            </param>
          </params>
          <reporter-output>
          </reporter-output>
        </test-method> <!-- setUp -->
        <test-method status="PASS" signature="HomeLinkPresentTest()[pri:2, instance:com.crm.tests.HomePageTest@402a079c]" name="HomeLinkPresentTest" duration-ms="4484" started-at="2022-02-01T05:53:36Z" finished-at="2022-02-01T05:53:40Z">
          <reporter-output>
          </reporter-output>
        </test-method> <!-- HomeLinkPresentTest -->
        <test-method status="PASS" signature="tearDown()[pri:0, instance:com.crm.tests.HomePageTest@402a079c]" name="tearDown" is-config="true" duration-ms="772" started-at="2022-02-01T05:53:40Z" finished-at="2022-02-01T05:53:41Z">
          <reporter-output>
          </reporter-output>
        </test-method> <!-- tearDown -->
      </class> <!-- com.crm.tests.HomePageTest -->
      <class name="com.crm.tests.LoginPageTest">
        <test-method status="PASS" signature="setUp(java.lang.String)[pri:0, instance:com.crm.tests.LoginPageTest@6500df86]" name="setUp" is-config="true" duration-ms="4328" started-at="2022-02-01T05:53:24Z" finished-at="2022-02-01T05:53:28Z">
          <params>
            <param index="0">
              <value>
                <![CDATA[chrome]]>
              </value>
            </param>
          </params>
          <reporter-output>
          </reporter-output>
        </test-method> <!-- setUp -->
        <test-method status="PASS" signature="getLoginPageTitleTest()[pri:1, instance:com.crm.tests.LoginPageTest@6500df86]" name="getLoginPageTitleTest" duration-ms="76" started-at="2022-02-01T05:53:28Z" finished-at="2022-02-01T05:53:28Z">
          <reporter-output>
          </reporter-output>
        </test-method> <!-- getLoginPageTitleTest -->
        <test-method status="PASS" signature="tearDown()[pri:0, instance:com.crm.tests.LoginPageTest@6500df86]" name="tearDown" is-config="true" duration-ms="845" started-at="2022-02-01T05:53:28Z" finished-at="2022-02-01T05:53:29Z">
          <reporter-output>
          </reporter-output>
        </test-method> <!-- tearDown -->
        <test-method status="PASS" signature="setUp(java.lang.String)[pri:0, instance:com.crm.tests.LoginPageTest@6500df86]" name="setUp" is-config="true" duration-ms="2942" started-at="2022-02-01T05:53:33Z" finished-at="2022-02-01T05:53:36Z">
          <params>
            <param index="0">
              <value>
                <![CDATA[chrome]]>
              </value>
            </param>
          </params>
          <reporter-output>
          </reporter-output>
        </test-method> <!-- setUp -->
        <test-method status="PASS" signature="doLoginTest()[pri:2, instance:com.crm.tests.LoginPageTest@6500df86]" name="doLoginTest" duration-ms="3701" started-at="2022-02-01T05:53:36Z" finished-at="2022-02-01T05:53:39Z">
          <reporter-output>
          </reporter-output>
        </test-method> <!-- doLoginTest -->
        <test-method status="PASS" signature="tearDown()[pri:0, instance:com.crm.tests.LoginPageTest@6500df86]" name="tearDown" is-config="true" duration-ms="869" started-at="2022-02-01T05:53:39Z" finished-at="2022-02-01T05:53:40Z">
          <reporter-output>
          </reporter-output>
        </test-method> <!-- tearDown -->
      </class> <!-- com.crm.tests.LoginPageTest -->
    </test> <!-- my crm test chrome -->
  </suite> <!-- Test Suite -->
</testng-results>
