<?xml version="1.0" encoding="UTF-8"?>
<testng-results skipped="0" failed="0" ignored="0" total="4" passed="4">
  <reporter-output>
  </reporter-output>
  <suite name="Test Suite" duration-ms="11663" started-at="2022-02-01T20:05:20Z" finished-at="2022-02-01T20:05:32Z">
    <groups>
    </groups>
    <test name="my crm test chrome" duration-ms="11663" started-at="2022-02-01T20:05:20Z" finished-at="2022-02-01T20:05:32Z">
      <class name="com.crm.tests.HomePageTest">
        <test-method status="PASS" signature="setUp(java.lang.String)[pri:0, instance:com.crm.tests.HomePageTest@402a079c]" name="setUp" is-config="true" duration-ms="2799" started-at="2022-02-01T20:05:20Z" finished-at="2022-02-01T20:05:23Z">
          <params>
            <param index="0">
              <value>
                <![CDATA[chrome]]>
              </value>
            </param>
          </params>
          <reporter-output>
          </reporter-output>
        </test-method> <!-- setUp -->
        <test-method status="PASS" signature="verifyHomePageLogoTest()[pri:1, instance:com.crm.tests.HomePageTest@402a079c]" name="verifyHomePageLogoTest" duration-ms="2579" started-at="2022-02-01T20:05:23Z" finished-at="2022-02-01T20:05:26Z">
          <reporter-output>
          </reporter-output>
        </test-method> <!-- verifyHomePageLogoTest -->
        <test-method status="PASS" signature="tearDown()[pri:0, instance:com.crm.tests.HomePageTest@402a079c]" name="tearDown" is-config="true" duration-ms="682" started-at="2022-02-01T20:05:26Z" finished-at="2022-02-01T20:05:26Z">
          <reporter-output>
          </reporter-output>
        </test-method> <!-- tearDown -->
        <test-method status="PASS" signature="setUp(java.lang.String)[pri:0, instance:com.crm.tests.HomePageTest@402a079c]" name="setUp" is-config="true" duration-ms="2263" started-at="2022-02-01T20:05:26Z" finished-at="2022-02-01T20:05:28Z">
          <params>
            <param index="0">
              <value>
                <![CDATA[chrome]]>
              </value>
            </param>
          </params>
          <reporter-output>
          </reporter-output>
        </test-method> <!-- setUp -->
        <test-method status="PASS" signature="HomeLinkPresentTest()[pri:2, instance:com.crm.tests.HomePageTest@402a079c]" name="HomeLinkPresentTest" duration-ms="2652" started-at="2022-02-01T20:05:28Z" finished-at="2022-02-01T20:05:31Z">
          <reporter-output>
          </reporter-output>
        </test-method> <!-- HomeLinkPresentTest -->
        <test-method status="PASS" signature="tearDown()[pri:0, instance:com.crm.tests.HomePageTest@402a079c]" name="tearDown" is-config="true" duration-ms="665" started-at="2022-02-01T20:05:31Z" finished-at="2022-02-01T20:05:32Z">
          <reporter-output>
          </reporter-output>
        </test-method> <!-- tearDown -->
      </class> <!-- com.crm.tests.HomePageTest -->
      <class name="com.crm.tests.LoginPageTest">
        <test-method status="PASS" signature="setUp(java.lang.String)[pri:0, instance:com.crm.tests.LoginPageTest@6500df86]" name="setUp" is-config="true" duration-ms="2989" started-at="2022-02-01T20:05:20Z" finished-at="2022-02-01T20:05:23Z">
          <params>
            <param index="0">
              <value>
                <![CDATA[chrome]]>
              </value>
            </param>
          </params>
          <reporter-output>
          </reporter-output>
        </test-method> <!-- setUp -->
        <test-method status="PASS" signature="getLoginPageTitleTest()[pri:1, instance:com.crm.tests.LoginPageTest@6500df86]" name="getLoginPageTitleTest" duration-ms="18" started-at="2022-02-01T20:05:23Z" finished-at="2022-02-01T20:05:23Z">
          <reporter-output>
          </reporter-output>
        </test-method> <!-- getLoginPageTitleTest -->
        <test-method status="PASS" signature="tearDown()[pri:0, instance:com.crm.tests.LoginPageTest@6500df86]" name="tearDown" is-config="true" duration-ms="702" started-at="2022-02-01T20:05:23Z" finished-at="2022-02-01T20:05:24Z">
          <reporter-output>
          </reporter-output>
        </test-method> <!-- tearDown -->
        <test-method status="PASS" signature="setUp(java.lang.String)[pri:0, instance:com.crm.tests.LoginPageTest@6500df86]" name="setUp" is-config="true" duration-ms="1955" started-at="2022-02-01T20:05:26Z" finished-at="2022-02-01T20:05:28Z">
          <params>
            <param index="0">
              <value>
                <![CDATA[chrome]]>
              </value>
            </param>
          </params>
          <reporter-output>
          </reporter-output>
        </test-method> <!-- setUp -->
        <test-method status="PASS" signature="doLoginTest()[pri:2, instance:com.crm.tests.LoginPageTest@6500df86]" name="doLoginTest" duration-ms="2569" started-at="2022-02-01T20:05:28Z" finished-at="2022-02-01T20:05:31Z">
          <reporter-output>
          </reporter-output>
        </test-method> <!-- doLoginTest -->
        <test-method status="PASS" signature="tearDown()[pri:0, instance:com.crm.tests.LoginPageTest@6500df86]" name="tearDown" is-config="true" duration-ms="761" started-at="2022-02-01T20:05:31Z" finished-at="2022-02-01T20:05:31Z">
          <reporter-output>
          </reporter-output>
        </test-method> <!-- tearDown -->
      </class> <!-- com.crm.tests.LoginPageTest -->
    </test> <!-- my crm test chrome -->
  </suite> <!-- Test Suite -->
</testng-results>
